<?xml version="1.0" encoding="UTF-8"?>
<!-- Generated by org.testng.reporters.JUnitXMLReporter -->
<testsuite ignored="0" hostname="DESKTOP-DENE2N4" failures="0" tests="5" name="Button_test" time="37.101" errors="0" timestamp="2023-09-25T12:17:26 IST">
  <testcase classname="tests.Button_test" name="@BeforeTest launchurl" time="36.932">
    <failure type="org.openqa.selenium.NoSuchWindowException" message="no such window: target window already closed
from unknown error: web view not found
  (Session info: chrome=116.0.5845.188)
Build info: version: &amp;apos;4.9.1&amp;apos;, revision: &amp;apos;eb2032df7f&amp;apos;
System info: os.name: &amp;apos;Windows 10&amp;apos;, os.arch: &amp;apos;amd64&amp;apos;, os.version: &amp;apos;10.0&amp;apos;, java.version: &amp;apos;19.0.2&amp;apos;
Driver info: org.openqa.selenium.chrome.ChromeDriver
Command: [9e3db5d26fca3a0c15d366c6ba62aff3, maximizeCurrentWindow {}]
Capabilities {acceptInsecureCerts: false, browserName: chrome, browserVersion: 116.0.5845.188, chrome: {chromedriverVersion: 116.0.5845.96 (1a3918166880..., userDataDir: C:\Windows\SystemTemp\scope...}, fedcm:accounts: true, goog:chromeOptions: {debuggerAddress: localhost:50253}, networkConnectionEnabled: false, pageLoadStrategy: normal, platformName: windows, proxy: Proxy(), se:cdp: ws://localhost:50253/devtoo..., se:cdpVersion: 116.0.5845.188, setWindowRect: true, strictFileInteractability: false, timeouts: {implicit: 0, pageLoad: 300000, script: 30000}, unhandledPromptBehavior: dismiss and notify, webauthn:extension:credBlob: true, webauthn:extension:largeBlob: true, webauthn:extension:minPinLength: true, webauthn:extension:prf: true, webauthn:virtualAuthenticators: true}
Session ID: 9e3db5d26fca3a0c15d366c6ba62aff3">
      <![CDATA[org.openqa.selenium.NoSuchWindowException: no such window: target window already closed
from unknown error: web view not found
  (Session info: chrome=116.0.5845.188)
Build info: version: '4.9.1', revision: 'eb2032df7f'
System info: os.name: 'Windows 10', os.arch: 'amd64', os.version: '10.0', java.version: '19.0.2'
Driver info: org.openqa.selenium.chrome.ChromeDriver
Command: [9e3db5d26fca3a0c15d366c6ba62aff3, maximizeCurrentWindow {}]
Capabilities {acceptInsecureCerts: false, browserName: chrome, browserVersion: 116.0.5845.188, chrome: {chromedriverVersion: 116.0.5845.96 (1a3918166880..., userDataDir: C:\Windows\SystemTemp\scope...}, fedcm:accounts: true, goog:chromeOptions: {debuggerAddress: localhost:50253}, networkConnectionEnabled: false, pageLoadStrategy: normal, platformName: windows, proxy: Proxy(), se:cdp: ws://localhost:50253/devtoo..., se:cdpVersion: 116.0.5845.188, setWindowRect: true, strictFileInteractability: false, timeouts: {implicit: 0, pageLoad: 300000, script: 30000}, unhandledPromptBehavior: dismiss and notify, webauthn:extension:credBlob: true, webauthn:extension:largeBlob: true, webauthn:extension:minPinLength: true, webauthn:extension:prf: true, webauthn:virtualAuthenticators: true}
Session ID: 9e3db5d26fca3a0c15d366c6ba62aff3
at org.openqa.selenium.remote.codec.w3c.W3CHttpResponseCodec.createException(W3CHttpResponseCodec.java:200)
at org.openqa.selenium.remote.codec.w3c.W3CHttpResponseCodec.decode(W3CHttpResponseCodec.java:133)
at org.openqa.selenium.remote.codec.w3c.W3CHttpResponseCodec.decode(W3CHttpResponseCodec.java:53)
at org.openqa.selenium.remote.HttpCommandExecutor.execute(HttpCommandExecutor.java:193)
at org.openqa.selenium.remote.service.DriverCommandExecutor.invokeExecute(DriverCommandExecutor.java:183)
at org.openqa.selenium.remote.service.DriverCommandExecutor.execute(DriverCommandExecutor.java:158)
at org.openqa.selenium.remote.RemoteWebDriver.execute(RemoteWebDriver.java:543)
at org.openqa.selenium.remote.RemoteWebDriver.execute(RemoteWebDriver.java:598)
at org.openqa.selenium.remote.RemoteWebDriver.execute(RemoteWebDriver.java:602)
at org.openqa.selenium.remote.RemoteWebDriver$RemoteWebDriverOptions$RemoteWindow.maximize(RemoteWebDriver.java:953)
at baselibrary.BaseLibrary.launchURL(BaseLibrary.java:50)
at tests.Button_test.launchurl(Button_test.java:16)
... Removed 25 stack frames]]>
    </failure>
  </testcase> <!-- @BeforeTest launchurl -->
  <testcase classname="baselibrary.BaseLibrary" name="@AfterMethod resultAnlysis" time="0.0">
    <skipped/>
  </testcase> <!-- @AfterMethod resultAnlysis -->
  <testcase classname="baselibrary.BaseLibrary" name="@AfterMethod resultAnlysis" time="0.0">
    <skipped/>
  </testcase> <!-- @AfterMethod resultAnlysis -->
  <testcase classname="baselibrary.BaseLibrary" name="@AfterMethod resultAnlysis" time="0.0">
    <skipped/>
  </testcase> <!-- @AfterMethod resultAnlysis -->
  <testcase classname="baselibrary.BaseLibrary" name="@AfterMethod resultAnlysis" time="0.0">
    <skipped/>
  </testcase> <!-- @AfterMethod resultAnlysis -->
  <testcase classname="baselibrary.BaseLibrary" name="@AfterMethod resultAnlysis" time="0.0">
    <skipped/>
  </testcase> <!-- @AfterMethod resultAnlysis -->
  <testcase classname="tests.Button_test" name="click_element" time="0.0">
    <skipped/>
  </testcase> <!-- click_element -->
  <testcase classname="tests.Button_test" name="rightclick" time="0.005">
    <skipped/>
  </testcase> <!-- rightclick -->
  <testcase classname="tests.Button_test" name="doubleclick" time="0.0">
    <skipped/>
  </testcase> <!-- doubleclick -->
  <testcase classname="tests.Button_test" name="clickme" time="0.001">
    <skipped/>
  </testcase> <!-- clickme -->
  <testcase classname="tests.Button_test" name="clickbutton" time="0.0">
    <skipped/>
  </testcase> <!-- clickbutton -->
</testsuite> <!-- Button_test -->
